<?xml version="1.0" encoding="UTF-8"?>
<!-- Generated by org.testng.reporters.JUnitReportReporter -->
<testsuite name="com.wipro.testcases.RegAndAddToCartTc" tests="6" time="0.012" ignored="0" failures="0" timestamp="15 Feb 2018 09:20:14 GMT" skipped="5" hostname="D-113156289" errors="1">
  <testcase name="launchBrowser" time="0.000" classname="com.wipro.testcases.RegAndAddToCartTc">
    <error type="org.testng.TestNGException" message="
Parameter &#039;Browser&#039; is required by BeforeTest on method launchBrowser but has not been marked @Optional or defined
in C:\Users\gu265058\AppData\Local\Temp\testng-eclipse--230807666\testng-customsuite.xml">
      <![CDATA[org.testng.TestNGException: 
Parameter 'Browser' is required by BeforeTest on method launchBrowser but has not been marked @Optional or defined
in C:\Users\gu265058\AppData\Local\Temp\testng-eclipse--230807666\testng-customsuite.xml
	at org.testng.internal.Parameters.createParameters(Parameters.java:199)
	at org.testng.internal.Parameters.createParameters(Parameters.java:443)
	at org.testng.internal.Parameters.createConfigurationParameters(Parameters.java:118)
	at org.testng.internal.Invoker.invokeConfigurations(Invoker.java:203)
	at org.testng.internal.Invoker.invokeConfigurations(Invoker.java:144)
	at org.testng.TestRunner.beforeRun(TestRunner.java:634)
	at org.testng.TestRunner.run(TestRunner.java:602)
	at org.testng.SuiteRunner.runTest(SuiteRunner.java:387)
	at org.testng.SuiteRunner.runSequentially(SuiteRunner.java:382)
	at org.testng.SuiteRunner.privateRun(SuiteRunner.java:340)
	at org.testng.SuiteRunner.run(SuiteRunner.java:289)
	at org.testng.SuiteRunnerWorker.runSuite(SuiteRunnerWorker.java:52)
	at org.testng.SuiteRunnerWorker.run(SuiteRunnerWorker.java:86)
	at org.testng.TestNG.runSuitesSequentially(TestNG.java:1293)
	at org.testng.TestNG.runSuitesLocally(TestNG.java:1218)
	at org.testng.TestNG.runSuites(TestNG.java:1133)
	at org.testng.TestNG.run(TestNG.java:1104)
	at org.testng.remote.AbstractRemoteTestNG.run(AbstractRemoteTestNG.java:114)
	at org.testng.remote.RemoteTestNG.initAndRun(RemoteTestNG.java:251)
	at org.testng.remote.RemoteTestNG.main(RemoteTestNG.java:77)
]]>
    </error>
  </testcase> <!-- launchBrowser -->
  <testcase name="registration" time="0.002" classname="com.wipro.testcases.RegAndAddToCartTc">
    <skipped/>
  </testcase> <!-- registration -->
  <testcase name="addReviewOnViewedProduct" time="0.003" classname="com.wipro.testcases.RegAndAddToCartTc">
    <skipped/>
  </testcase> <!-- addReviewOnViewedProduct -->
  <testcase name="addToWishlist" time="0.002" classname="com.wipro.testcases.RegAndAddToCartTc">
    <skipped/>
  </testcase> <!-- addToWishlist -->
  <testcase name="addReviewOnViewedProduct" time="0.004" classname="com.wipro.testcases.RegAndAddToCartTc">
    <skipped/>
  </testcase> <!-- addReviewOnViewedProduct -->
  <testcase name="addToCart" time="0.001" classname="com.wipro.testcases.RegAndAddToCartTc">
    <skipped/>
  </testcase> <!-- addToCart -->
</testsuite> <!-- com.wipro.testcases.RegAndAddToCartTc -->
